#
# There is insufficient memory for the Java Runtime Environment to continue.
# Native memory allocation (mmap) failed to map 266338304 bytes for G1 virtual space
# Possible reasons:
#   The system is out of physical RAM or swap space
#   The process is running with CompressedOops enabled, and the Java Heap may be blocking the growth of the native heap
# Possible solutions:
#   Reduce memory load on the system
#   Increase physical memory or swap space
#   Check if swap backing store is full
#   Decrease Java heap size (-Xmx/-Xms)
#   Decrease number of Java threads
#   Decrease Java thread stack sizes (-Xss)
#   Set larger code cache with -XX:ReservedCodeCacheSize=
#   JVM is running with Zero Based Compressed Oops mode in which the Java heap is
#     placed in the first 32GB address space. The Java Heap base address is the
#     maximum limit for the native heap growth. Please use -XX:HeapBaseMinAddress
#     to set the Java Heap base and to place the Java Heap above 32GB virtual address.
# This output file may be truncated or incomplete.
#
#  Out of Memory Error (os_windows.cpp:3557), pid=3824, tid=18016
#
# JRE version:  (17.0.6+10) (build )
# Java VM: OpenJDK 64-Bit Server VM (17.0.6+10, mixed mode, sharing, tiered, compressed oops, compressed class ptrs, g1 gc, windows-amd64)
# No core dump will be written. Minidumps are not enabled by default on client versions of Windows
#

---------------  S U M M A R Y ------------

Command Line: -Dfile.encoding=UTF-8 -XX:+ShowCodeDetailsInExceptionMessages com.test_p.Prime_digit

Host: Intel(R) Core(TM) i5-8365U CPU @ 1.60GHz, 8 cores, 15G,  Windows 10 , 64 bit Build 19041 (10.0.19041.3031)
Time: Thu Jul 13 10:16:50 2023 India Standard Time elapsed time: 0.391061 seconds (0d 0h 0m 0s)

---------------  T H R E A D  ---------------

Current thread (0x000001a4d8c07290):  JavaThread "Unknown thread" [_thread_in_vm, id=18016, stack(0x0000005abb600000,0x0000005abb700000)]

Stack: [0x0000005abb600000,0x0000005abb700000]
Native frames: (J=compiled Java code, j=interpreted, Vv=VM code, C=native code)
V  [jvm.dll+0x67741a]
V  [jvm.dll+0x834434]
V  [jvm.dll+0x835bde]
V  [jvm.dll+0x836243]
V  [jvm.dll+0x2457b5]
V  [jvm.dll+0x674329]
V  [jvm.dll+0x6689da]
V  [jvm.dll+0x30489b]
V  [jvm.dll+0x30bd96]
V  [jvm.dll+0x35b57e]
V  [jvm.dll+0x35b7af]
V  [jvm.dll+0x2db778]
V  [jvm.dll+0x2dc6e4]
V  [jvm.dll+0x806131]
V  [jvm.dll+0x369331]
V  [jvm.dll+0x7e56ac]
V  [jvm.dll+0x3eb35f]
V  [jvm.dll+0x3ecea1]
C  [jli.dll+0x5267]
C  [ucrtbase.dll+0x21bb2]
C  [KERNEL32.DLL+0x17614]
C  [ntdll.dll+0x526f1]


---------------  P R O C E S S  ---------------

Threads class SMR info:
_java_thread_list=0x00007fff28145fd8, length=0, elements={
}

Java Threads: ( => current thread )

Other Threads:
  0x000001a4d8c74d90 GCTaskThread "GC Thread#0" [stack: 0x0000005abb700000,0x0000005abb800000] [id=1284]
  0x000001a4d8c858f0 ConcurrentGCThread "G1 Main Marker" [stack: 0x0000005abb800000,0x0000005abb900000] [id=13332]
  0x000001a4d8c87290 ConcurrentGCThread "G1 Conc#0" [stack: 0x0000005abb900000,0x0000005abba00000] [id=16772]

[error occurred during error reporting (printing all threads), id 0xc0000005, EXCEPTION_ACCESS_VIOLATION (0xc0000005) at pc=0x00007fff2791c1e7]

VM state: not at safepoint (not fully initialized)

VM Mutex/Monitor currently owned by a thread:  ([mutex/lock_event])
[0x000001a4d8c028e0] Heap_lock - owner thread: 0x000001a4d8c07290

Heap address: 0x0000000702e00000, size: 4050 MB, Compressed Oops mode: Zero based, Oop shift amount: 3

CDS archive(s) mapped at: [0x0000000000000000-0x0000000000000000-0x0000000000000000), size 0, SharedBaseAddress: 0x0000000800000000, ArchiveRelocationMode: 0.
Narrow klass base: 0x0000000000000000, Narrow klass shift: 0, Narrow klass range: 0x0

GC Precious Log:
<Empty>

Heap:
 garbage-first heap   total 0K, used 0K [0x0000000702e00000, 0x0000000800000000)
  region size 2048K, 0 young (0K), 0 survivors (0K)

[error occurred during error reporting (printing heap information), id 0xc0000005, EXCEPTION_ACCESS_VIOLATION (0xc0000005) at pc=0x00007fff27d006f9]

GC Heap History (0 events):
No events

Dll operation events (1 events):
Event: 0.028 Loaded shared library C:\Users\HP ELITEBOOK 840 G6\.p2\pool\plugins\org.eclipse.justj.openjdk.hotspot.jre.full.win32.x86_64_17.0.6.v20230204-1729\jre\bin\java.dll

Deoptimization events (0 events):
No events

Classes unloaded (0 events):
No events

Classes redefined (0 events):
No events

Internal exceptions (0 events):
No events

VM Operations (0 events):
No events

Events (0 events):
No events


Dynamic libraries:
0x00007ff78bea0000 - 0x00007ff78beae000 	C:\Users\HP ELITEBOOK 840 G6\.p2\pool\plugins\org.eclipse.justj.openjdk.hotspot.jre.full.win32.x86_64_17.0.6.v20230204-1729\jre\bin\javaw.exe
0x00007fffb5510000 - 0x00007fffb5708000 	C:\Windows\SYSTEM32\ntdll.dll
0x00007fffb48d0000 - 0x00007fffb498f000 	C:\Windows\System32\KERNEL32.DLL
0x00007fffb3010000 - 0x00007fffb3306000 	C:\Windows\System32\KERNELBASE.dll
0x00007fffb2ea0000 - 0x00007fffb2fa0000 	C:\Windows\System32\ucrtbase.dll
0x00007fffadf10000 - 0x00007fffadf27000 	C:\Users\HP ELITEBOOK 840 G6\.p2\pool\plugins\org.eclipse.justj.openjdk.hotspot.jre.full.win32.x86_64_17.0.6.v20230204-1729\jre\bin\jli.dll
0x00007fffb5150000 - 0x00007fffb52ed000 	C:\Windows\System32\USER32.dll
0x00007fffb2d50000 - 0x00007fffb2d72000 	C:\Windows\System32\win32u.dll
0x00007fffb3610000 - 0x00007fffb363c000 	C:\Windows\System32\GDI32.dll
0x00007fffb2d80000 - 0x00007fffb2e95000 	C:\Windows\System32\gdi32full.dll
0x00007fffb33f0000 - 0x00007fffb348d000 	C:\Windows\System32\msvcp_win.dll
0x00007fffade60000 - 0x00007fffade79000 	C:\Users\HP ELITEBOOK 840 G6\.p2\pool\plugins\org.eclipse.justj.openjdk.hotspot.jre.full.win32.x86_64_17.0.6.v20230204-1729\jre\bin\VCRUNTIME140.dll
0x00007fff97b80000 - 0x00007fff97e1a000 	C:\Windows\WinSxS\amd64_microsoft.windows.common-controls_6595b64144ccf1df_6.0.19041.1110_none_60b5254171f9507e\COMCTL32.dll
0x00007fffb4b00000 - 0x00007fffb4b9e000 	C:\Windows\System32\msvcrt.dll
0x00007fffb5120000 - 0x00007fffb5150000 	C:\Windows\System32\IMM32.DLL
0x00007fffadf00000 - 0x00007fffadf0c000 	C:\Users\HP ELITEBOOK 840 G6\.p2\pool\plugins\org.eclipse.justj.openjdk.hotspot.jre.full.win32.x86_64_17.0.6.v20230204-1729\jre\bin\vcruntime140_1.dll
0x00007fff7a0e0000 - 0x00007fff7a171000 	C:\Users\HP ELITEBOOK 840 G6\.p2\pool\plugins\org.eclipse.justj.openjdk.hotspot.jre.full.win32.x86_64_17.0.6.v20230204-1729\jre\bin\msvcp140.dll
0x00007fff27630000 - 0x00007fff28277000 	C:\Users\HP ELITEBOOK 840 G6\.p2\pool\plugins\org.eclipse.justj.openjdk.hotspot.jre.full.win32.x86_64_17.0.6.v20230204-1729\jre\bin\server\jvm.dll
0x00007fffb4470000 - 0x00007fffb451f000 	C:\Windows\System32\ADVAPI32.dll
0x00007fffb3570000 - 0x00007fffb360c000 	C:\Windows\System32\sechost.dll
0x00007fffb3d90000 - 0x00007fffb3eb6000 	C:\Windows\System32\RPCRT4.dll
0x00007fffaced0000 - 0x00007fffaced9000 	C:\Windows\SYSTEM32\WSOCK32.dll
0x00007fffb4990000 - 0x00007fffb49fb000 	C:\Windows\System32\WS2_32.dll
0x00007fff8d580000 - 0x00007fff8d5a7000 	C:\Windows\SYSTEM32\WINMM.dll
0x00007fffaac00000 - 0x00007fffaac0a000 	C:\Windows\SYSTEM32\VERSION.dll
0x00007fffb13f0000 - 0x00007fffb1402000 	C:\Windows\SYSTEM32\kernel.appcore.dll
0x00007fff8d480000 - 0x00007fff8d48a000 	C:\Users\HP ELITEBOOK 840 G6\.p2\pool\plugins\org.eclipse.justj.openjdk.hotspot.jre.full.win32.x86_64_17.0.6.v20230204-1729\jre\bin\jimage.dll
0x00007fffb0960000 - 0x00007fffb0b44000 	C:\Windows\SYSTEM32\DBGHELP.DLL
0x00007fff941c0000 - 0x00007fff941f4000 	C:\Windows\SYSTEM32\dbgcore.DLL
0x00007fffb3360000 - 0x00007fffb33e2000 	C:\Windows\System32\bcryptPrimitives.dll
0x00007fff8b600000 - 0x00007fff8b625000 	C:\Users\HP ELITEBOOK 840 G6\.p2\pool\plugins\org.eclipse.justj.openjdk.hotspot.jre.full.win32.x86_64_17.0.6.v20230204-1729\jre\bin\java.dll

dbghelp: loaded successfully - version: 4.0.5 - missing functions: none
symbol engine: initialized successfully - sym options: 0x614 - pdb path: .;C:\Users\HP ELITEBOOK 840 G6\.p2\pool\plugins\org.eclipse.justj.openjdk.hotspot.jre.full.win32.x86_64_17.0.6.v20230204-1729\jre\bin;C:\Windows\SYSTEM32;C:\Windows\WinSxS\amd64_microsoft.windows.common-controls_6595b64144ccf1df_6.0.19041.1110_none_60b5254171f9507e;C:\Users\HP ELITEBOOK 840 G6\.p2\pool\plugins\org.eclipse.justj.openjdk.hotspot.jre.full.win32.x86_64_17.0.6.v20230204-1729\jre\bin\server

VM Arguments:
jvm_args: -Dfile.encoding=UTF-8 -XX:+ShowCodeDetailsInExceptionMessages 
java_command: com.test_p.Prime_digit
java_class_path (initial): C:\Users\HP ELITEBOOK 840 G6\git\repository3\Myproject\bin
Launcher Type: SUN_STANDARD

[Global flags]
     intx CICompilerCount                          = 4                                         {product} {ergonomic}
     uint ConcGCThreads                            = 2                                         {product} {ergonomic}
     uint G1ConcRefinementThreads                  = 8                                         {product} {ergonomic}
   size_t G1HeapRegionSize                         = 2097152                                   {product} {ergonomic}
    uintx GCDrainStackTargetSize                   = 64                                        {product} {ergonomic}
   size_t InitialHeapSize                          = 266338304                                 {product} {ergonomic}
   size_t MarkStackSize                            = 4194304                                   {product} {ergonomic}
   size_t MaxHeapSize                              = 4246732800                                {product} {ergonomic}
   size_t MinHeapDeltaBytes                        = 2097152                                   {product} {ergonomic}
   size_t MinHeapSize                              = 8388608                                   {product} {ergonomic}
    uintx NonNMethodCodeHeapSize                   = 5839372                                {pd product} {ergonomic}
    uintx NonProfiledCodeHeapSize                  = 122909434                              {pd product} {ergonomic}
    uintx ProfiledCodeHeapSize                     = 122909434                              {pd product} {ergonomic}
    uintx ReservedCodeCacheSize                    = 251658240                              {pd product} {ergonomic}
     bool SegmentedCodeCache                       = true                                      {product} {ergonomic}
     bool ShowCodeDetailsInExceptionMessages       = true                                   {manageable} {command line}
   size_t SoftMaxHeapSize                          = 4246732800                             {manageable} {ergonomic}
     bool UseCompressedClassPointers               = true                           {product lp64_product} {ergonomic}
     bool UseCompressedOops                        = true                           {product lp64_product} {ergonomic}
     bool UseG1GC                                  = true                                      {product} {ergonomic}
     bool UseLargePagesIndividualAllocation        = false                                  {pd product} {ergonomic}

Logging:
Log output configuration:
 #0: stdout all=warning uptime,level,tags
 #1: stderr all=off uptime,level,tags

Environment Variables:
PATH=C:/Users/HP ELITEBOOK 840 G6/.p2/pool/plugins/org.eclipse.justj.openjdk.hotspot.jre.full.win32.x86_64_17.0.6.v20230204-1729/jre/bin/server;C:/Users/HP ELITEBOOK 840 G6/.p2/pool/plugins/org.eclipse.justj.openjdk.hotspot.jre.full.win32.x86_64_17.0.6.v20230204-1729/jre/bin;C:\Program Files (x86)\Common Files\Oracle\Java\javapath;C:\Windows\system32;C:\Windows;C:\Windows\System32\Wbem;C:\Windows\System32\WindowsPowerShell\v1.0\;C:\Windows\System32\OpenSSH\;C:\Program Files\MySQL\MySQL Shell 8.0\bin\;C:\Users\HP ELITEBOOK 840 G6\AppData\Local\Microsoft\WindowsApps;;C:\Users\HP ELITEBOOK 840 G6\Desktop;
USERNAME=HP ELITEBOOK 840 G6
OS=Windows_NT
PROCESSOR_IDENTIFIER=Intel64 Family 6 Model 142 Stepping 12, GenuineIntel
TMP=C:\Users\HPELIT~1\AppData\Local\Temp
TEMP=C:\Users\HPELIT~1\AppData\Local\Temp



---------------  S Y S T E M  ---------------

OS:
 Windows 10 , 64 bit Build 19041 (10.0.19041.3031)
OS uptime: 1 days 21:32 hours

CPU: total 8 (initial active 8) (4 cores per cpu, 2 threads per core) family 6 model 142 stepping 12 microcode 0xf6, cx8, cmov, fxsr, ht, mmx, 3dnowpref, sse, sse2, sse3, ssse3, sse4.1, sse4.2, popcnt, lzcnt, tsc, tscinvbit, avx, avx2, aes, erms, clmul, bmi1, bmi2, adx, fma, vzeroupper, clflush, clflushopt

Memory: 4k page, system-wide physical 16198M (6863M free)
TotalPageFile size 27872M (AvailPageFile size 141M)
current process WorkingSet (physical memory assigned to process): 10M, peak: 10M
current process commit charge ("private bytes"): 60M, peak: 314M

vm_info: OpenJDK 64-Bit Server VM (17.0.6+10) for windows-amd64 JRE (17.0.6+10), built on Jan 18 2023 10:08:59 by "temurin" with MS VC++ 16.7 (VS2019)

END.
